  SystemCall.c
c:\users\daniele\desktop\radon\kernel\systemcall.c(71): error C2065: 'asm': undeclared identifier
c:\users\daniele\desktop\radon\kernel\systemcall.c(71): error C2143: syntax error: missing ';' before 'volatile'
c:\users\daniele\desktop\radon\kernel\systemcall.c(72): error C2065: 'asm': undeclared identifier
c:\users\daniele\desktop\radon\kernel\systemcall.c(72): error C2143: syntax error: missing ';' before 'volatile'
c:\users\daniele\desktop\radon\kernel\systemcall.c(73): error C2065: 'asm': undeclared identifier
c:\users\daniele\desktop\radon\kernel\systemcall.c(73): error C2143: syntax error: missing ';' before 'volatile'
c:\users\daniele\desktop\radon\kernel\systemcall.c(74): error C2065: 'asm': undeclared identifier
c:\users\daniele\desktop\radon\kernel\systemcall.c(74): error C2143: syntax error: missing ';' before 'volatile'
  Monitor.c
c:\users\daniele\desktop\radon\kernel\monitor.c(5): error C2065: 'asm': undeclared identifier
c:\users\daniele\desktop\radon\kernel\monitor.c(5): error C2143: syntax error: missing ';' before 'volatile'
c:\users\daniele\desktop\radon\kernel\monitor.c(18): warning C4244: 'function': conversion from 'uint16_t' to 'uint8_t', possible loss of data
  Memory.c
  Kernel.c
  InteruptServiceRoutine.c
c:\users\daniele\desktop\radon\kernel\interuptserviceroutine.c(32): warning C4312: 'type cast': conversion from 'uint32_t' to 'char *' of greater size
c:\users\daniele\desktop\radon\kernel\interuptserviceroutine.c(37): warning C4312: 'type cast': conversion from 'uint32_t' to 'void **' of greater size
c:\users\daniele\desktop\radon\kernel\interuptserviceroutine.c(42): warning C4312: 'type cast': conversion from 'uint32_t' to 'void *' of greater size
c:\users\daniele\desktop\radon\kernel\interuptserviceroutine.c(74): error C2065: 'asm': undeclared identifier
c:\users\daniele\desktop\radon\kernel\interuptserviceroutine.c(74): error C2143: syntax error: missing ';' before 'volatile'
  InteruptDescriptorTable.c
c:\users\daniele\desktop\radon\kernel\interuptdescriptortable.c(11): error C2143: syntax error: missing ')' before '('
c:\users\daniele\desktop\radon\kernel\interuptdescriptortable.c(11): error C2059: syntax error: ')'
c:\users\daniele\desktop\radon\kernel\interuptdescriptortable.c(11): error C2143: syntax error: missing ')' before ';'
c:\users\daniele\desktop\radon\kernel\interuptdescriptortable.c(11): error C2091: function returns function
c:\users\daniele\desktop\radon\kernel\interuptdescriptortable.c(19): error C2143: syntax error: missing ')' before '('
c:\users\daniele\desktop\radon\kernel\interuptdescriptortable.c(19): error C2059: syntax error: ')'
c:\users\daniele\desktop\radon\kernel\interuptdescriptortable.c(19): error C2143: syntax error: missing ')' before ';'
c:\users\daniele\desktop\radon\kernel\interuptdescriptortable.c(19): error C2091: function returns function
c:\users\daniele\desktop\radon\kernel\interuptdescriptortable.c(44): warning C4311: 'type cast': pointer truncation from 'IdtEntry (*)[256]' to 'uint32_t'
c:\users\daniele\desktop\radon\kernel\interuptdescriptortable.c(48): warning C4311: 'type cast': pointer truncation from 'void (__cdecl *)()' to 'uint32_t'
c:\users\daniele\desktop\radon\kernel\interuptdescriptortable.c(49): warning C4311: 'type cast': pointer truncation from 'void (__cdecl *)()' to 'uint32_t'
c:\users\daniele\desktop\radon\kernel\interuptdescriptortable.c(50): warning C4311: 'type cast': pointer truncation from 'void (__cdecl *)()' to 'uint32_t'
c:\users\daniele\desktop\radon\kernel\interuptdescriptortable.c(51): warning C4311: 'type cast': pointer truncation from 'void (__cdecl *)()' to 'uint32_t'
c:\users\daniele\desktop\radon\kernel\interuptdescriptortable.c(52): warning C4311: 'type cast': pointer truncation from 'void (__cdecl *)()' to 'uint32_t'
c:\users\daniele\desktop\radon\kernel\interuptdescriptortable.c(53): warning C4311: 'type cast': pointer truncation from 'void (__cdecl *)()' to 'uint32_t'
c:\users\daniele\desktop\radon\kernel\interuptdescriptortable.c(54): warning C4311: 'type cast': pointer truncation from 'void (__cdecl *)()' to 'uint32_t'
c:\users\daniele\desktop\radon\kernel\interuptdescriptortable.c(55): warning C4311: 'type cast': pointer truncation from 'void (__cdecl *)()' to 'uint32_t'
c:\users\daniele\desktop\radon\kernel\interuptdescriptortable.c(56): warning C4311: 'type cast': pointer truncation from 'void (__cdecl *)()' to 'uint32_t'
c:\users\daniele\desktop\radon\kernel\interuptdescriptortable.c(57): warning C4311: 'type cast': pointer truncation from 'void (__cdecl *)()' to 'uint32_t'
c:\users\daniele\desktop\radon\kernel\interuptdescriptortable.c(58): warning C4311: 'type cast': pointer truncation from 'void (__cdecl *)()' to 'uint32_t'
c:\users\daniele\desktop\radon\kernel\interuptdescriptortable.c(59): warning C4311: 'type cast': pointer truncation from 'void (__cdecl *)()' to 'uint32_t'
c:\users\daniele\desktop\radon\kernel\interuptdescriptortable.c(60): warning C4311: 'type cast': pointer truncation from 'void (__cdecl *)()' to 'uint32_t'
c:\users\daniele\desktop\radon\kernel\interuptdescriptortable.c(61): warning C4311: 'type cast': pointer truncation from 'void (__cdecl *)()' to 'uint32_t'
c:\users\daniele\desktop\radon\kernel\interuptdescriptortable.c(62): warning C4311: 'type cast': pointer truncation from 'void (__cdecl *)()' to 'uint32_t'
c:\users\daniele\desktop\radon\kernel\interuptdescriptortable.c(63): warning C4311: 'type cast': pointer truncation from 'void (__cdecl *)()' to 'uint32_t'
c:\users\daniele\desktop\radon\kernel\interuptdescriptortable.c(64): warning C4311: 'type cast': pointer truncation from 'void (__cdecl *)()' to 'uint32_t'
c:\users\daniele\desktop\radon\kernel\interuptdescriptortable.c(65): warning C4311: 'type cast': pointer truncation from 'void (__cdecl *)()' to 'uint32_t'
c:\users\daniele\desktop\radon\kernel\interuptdescriptortable.c(66): warning C4311: 'type cast': pointer truncation from 'void (__cdecl *)()' to 'uint32_t'
c:\users\daniele\desktop\radon\kernel\interuptdescriptortable.c(67): warning C4311: 'type cast': pointer truncation from 'void (__cdecl *)()' to 'uint32_t'
c:\users\daniele\desktop\radon\kernel\interuptdescriptortable.c(68): warning C4311: 'type cast': pointer truncation from 'void (__cdecl *)()' to 'uint32_t'
c:\users\daniele\desktop\radon\kernel\interuptdescriptortable.c(69): warning C4311: 'type cast': pointer truncation from 'void (__cdecl *)()' to 'uint32_t'
c:\users\daniele\desktop\radon\kernel\interuptdescriptortable.c(70): warning C4311: 'type cast': pointer truncation from 'void (__cdecl *)()' to 'uint32_t'
c:\users\daniele\desktop\radon\kernel\interuptdescriptortable.c(71): warning C4311: 'type cast': pointer truncation from 'void (__cdecl *)()' to 'uint32_t'
c:\users\daniele\desktop\radon\kernel\interuptdescriptortable.c(72): warning C4311: 'type cast': pointer truncation from 'void (__cdecl *)()' to 'uint32_t'
c:\users\daniele\desktop\radon\kernel\interuptdescriptortable.c(73): warning C4311: 'type cast': pointer truncation from 'void (__cdecl *)()' to 'uint32_t'
c:\users\daniele\desktop\radon\kernel\interuptdescriptortable.c(74): warning C4311: 'type cast': pointer truncation from 'void (__cdecl *)()' to 'uint32_t'
c:\users\daniele\desktop\radon\kernel\interuptdescriptortable.c(75): warning C4311: 'type cast': pointer truncation from 'void (__cdecl *)()' to 'uint32_t'
c:\users\daniele\desktop\radon\kernel\interuptdescriptortable.c(76): warning C4311: 'type cast': pointer truncation from 'void (__cdecl *)()' to 'uint32_t'
c:\users\daniele\desktop\radon\kernel\interuptdescriptortable.c(77): warning C4311: 'type cast': pointer truncation from 'void (__cdecl *)()' to 'uint32_t'
c:\users\daniele\desktop\radon\kernel\interuptdescriptortable.c(78): warning C4311: 'type cast': pointer truncation from 'void (__cdecl *)()' to 'uint32_t'
c:\users\daniele\desktop\radon\kernel\interuptdescriptortable.c(79): warning C4311: 'type cast': pointer truncation from 'void (__cdecl *)()' to 'uint32_t'
c:\users\daniele\desktop\radon\kernel\interuptdescriptortable.c(80): warning C4311: 'type cast': pointer truncation from 'void (__cdecl *)()' to 'uint32_t'
c:\users\daniele\desktop\radon\kernel\interuptdescriptortable.c(82): warning C4311: 'type cast': pointer truncation from 'IdtPointer *' to 'uint32_t'
  GlobalDescriptorTable.c
c:\users\daniele\desktop\radon\kernel\globaldescriptortable.c(11): error C2143: syntax error: missing ')' before '('
c:\users\daniele\desktop\radon\kernel\globaldescriptortable.c(11): error C2059: syntax error: ')'
c:\users\daniele\desktop\radon\kernel\globaldescriptortable.c(11): error C2143: syntax error: missing ')' before ';'
c:\users\daniele\desktop\radon\kernel\globaldescriptortable.c(11): error C2091: function returns function
c:\users\daniele\desktop\radon\kernel\globaldescriptortable.c(19): error C2143: syntax error: missing ')' before '('
c:\users\daniele\desktop\radon\kernel\globaldescriptortable.c(19): error C2059: syntax error: ')'
c:\users\daniele\desktop\radon\kernel\globaldescriptortable.c(19): error C2143: syntax error: missing ')' before ';'
c:\users\daniele\desktop\radon\kernel\globaldescriptortable.c(19): error C2091: function returns function
c:\users\daniele\desktop\radon\kernel\globaldescriptortable.c(33): warning C4311: 'type cast': pointer truncation from 'GdtEntry (*)[5]' to 'uint32_t'
c:\users\daniele\desktop\radon\kernel\globaldescriptortable.c(41): warning C4311: 'type cast': pointer truncation from 'GdtPointer *' to 'uint32_t'
  Generating Code...
